<?xml version="1.0" encoding="UTF-8"?>
<!-- Generated by org.testng.reporters.JUnitReportReporter -->
<testsuite skipped="0" hostname="DESKTOP-J5ELGLC" name="com.inetBanking.testCases.TC_AddCustomerTest_003" tests="1" failures="0" timestamp="2021-04-23T22:14:44 IST" time="16.270" errors="0">
  <testcase name="addNewCustomer" time="16.270" classname="com.inetBanking.testCases.TC_AddCustomerTest_003"/>
  <system-out/>
</testsuite> <!-- com.inetBanking.testCases.TC_AddCustomerTest_003 -->
