<?xml version="1.0" encoding="UTF-8"?>
<!-- Generated by org.testng.reporters.JUnitReportReporter -->
<testsuite skipped="0" hostname="DESKTOP-J5ELGLC" name="com.inetBanking.testCases.TC_LoginTest_001" tests="1" failures="0" timestamp="2021-04-25T19:21:24 IST" time="1.886" errors="0">
  <testcase name="loginTest" time="1.886" classname="com.inetBanking.testCases.TC_LoginTest_001"/>
  <system-out/>
</testsuite> <!-- com.inetBanking.testCases.TC_LoginTest_001 -->
